<?xml version="1.0" encoding="UTF-8"?>
<testsuite name="LetterGameTest" tests="1" skipped="0" failures="0" errors="0" timestamp="2022-01-27T00:40:47" hostname="DESKTOP-06C36C7" time="0.012">
  <properties/>
  <testcase name="testCSVParsing()" classname="LetterGameTest" time="0.012"/>
  <system-out><![CDATA[]]></system-out>
  <system-err><![CDATA[]]></system-err>
</testsuite>
